Microsoft (R) Macro Assembler Version 5.00                  12/5/24 14:50:56
                                                             Page     1-1


       1 0000				data segment 
       2 0000  0001			x  dw    1 
       3 0002  0001			y  dw    1 
       4 0004  0001			number  dw    1 
       5 0006  0001			sum  dw    1 
       6 0008  0001			i  dw    1 
       7 000A  0001			remainder  dw    1 
       8 000C  0001			test  dw    1 
compile.asm(8): warning A4016: Reserved word used as symbol: TEST
       9 000E  0020[			PRINT_BUF DB ' ' DUP(10) 
      10	   0A			
      11			 ]	
      12				
      13 002E  24			BUFEND    DB '$' 
      14 002F				data ends 
      15 0000				stk segment stack 
      16 0000  0100[			db 256 dup ("?") 
      17	   3F			
      18			 ]	
      19				
      20 0100				stk ends 
      21 0000				code segment 
      22				assume cs:code,ds:data,ss:stk 
      23 0000				start: 
      24 0000				main proc 
      25 0000  B8 ---- R		mov ax,data 
      26 0003  8E D8			mov ds,ax 
      27 0005  B8 304D			mov ax, 12365 
      28 0008  50			push ax 
      29 0009  58			pop ax 
      30 000A  A3 0004 R		mov number, ax 
      31 000D  A1 0004 R		mov ax, number 
      32 0010  50			push ax 
      33 0011  B8 0001			mov ax, 1 
      34 0014  50			push ax 
      35 0015  5B			pop bx 
      36 0016  58			pop ax 
      37 0017  03 C3			add ax, bx 
      38 0019  50			push ax 
      39 001A  B8 0002			mov ax, 2 
      40 001D  50			push ax 
      41 001E  5B			pop bx 
      42 001F  58			pop ax 
      43 0020  F7 E3			mul bx 
      44 0022  50			push ax 
      45 0023  A1 0004 R		mov ax, number 
      46 0026  50			push ax 
      47 0027  B8 0003			mov ax, 3 
      48 002A  50			push ax 
      49 002B  5B			pop bx 
      50 002C  58			pop ax 
      51 002D  2B C3			sub ax, bx 
      52 002F  50			push ax 
      53 0030  5B			pop bx 
Microsoft (R) Macro Assembler Version 5.00                  12/5/24 14:50:56
                                                             Page     1-2


      54 0031  58			pop ax 
      55 0032  99			cwd 
      56 0033  F6 F3			div bl 
      57 0035  50			push ax 
      58 0036  58			pop ax 
      59 0037  A3 000C R		mov test, ax 
      60 003A  A1 000C R		mov ax, test 
      61 003D  50			push ax 
      62 003E  E8 0047 R		CALL PRINT 
      63 0041  58			pop ax 
      64 0042  B8 4C00			mov ax,4c00h 
      65 0045  CD 21			int 21h 
      66 0047				main endp 
      67 0047				PRINT PROC NEAR 
      68 0047  B9 000A			MOV CX, 10 
      69 004A  BF 0020			MOV DI, BUFEND - PRINT_BUF 
      70 004D				PRINT_LOOP: 
      71 004D  BA 0000			MOV DX, 0 
      72 0050  F7 F1			DIV CX 
      73 0052  80 C2 30			ADD DL, '0' 
      74 0055  88 95 000D R		MOV [PRINT_BUF + DI - 1], DL 
      75 0059  4F			DEC DI 
      76 005A  3C 00			CMP AL, 0 
      77 005C  75 EF			JNE PRINT_LOOP 
      78 005E  8D 16 000E R		LEA DX, PRINT_BUF 
      79 0062  03 D7			ADD DX, DI 
      80 0064  B4 09			MOV AH, 09H 
      81 0066  CD 21			INT 21H 
      82 0068  C3			RET 
      83 0069				PRINT ENDP 
      84 0069				code ends 
      85				end main 
Microsoft (R) Macro Assembler Version 5.00                  12/5/24 14:50:56
                                                             Symbols-1


Segments and Groups:

                N a m e         	Length	 Align	Combine Class

CODE . . . . . . . . . . . . . .  	0069	PARA	NONE	
DATA . . . . . . . . . . . . . .  	002F	PARA	NONE	
STK  . . . . . . . . . . . . . .  	0100	PARA	STACK	

Symbols:            

                N a m e         	Type	 Value	 Attr

BUFEND . . . . . . . . . . . . .  	L BYTE	002E	DATA

I  . . . . . . . . . . . . . . .  	L WORD	0008	DATA

MAIN . . . . . . . . . . . . . .  	N PROC	0000	CODE	Length = 0047

NUMBER . . . . . . . . . . . . .  	L WORD	0004	DATA

PRINT  . . . . . . . . . . . . .  	N PROC	0047	CODE	Length = 0022
PRINT_BUF  . . . . . . . . . . .  	L BYTE	000E	DATA	Length = 0020
PRINT_LOOP . . . . . . . . . . .  	L NEAR	004D	CODE

REMAINDER  . . . . . . . . . . .  	L WORD	000A	DATA

START  . . . . . . . . . . . . .  	L NEAR	0000	CODE
SUM  . . . . . . . . . . . . . .  	L WORD	0006	DATA

TEST . . . . . . . . . . . . . .  	L WORD	000C	DATA

X  . . . . . . . . . . . . . . .  	L WORD	0000	DATA

Y  . . . . . . . . . . . . . . .  	L WORD	0002	DATA

@FILENAME  . . . . . . . . . . .  	TEXT  compile		


     79 Source  Lines
     79 Total   Lines
     18 Symbols

  50536 + 466008 Bytes symbol space free

      1 Warning Errors
      0 Severe  Errors
